<?xml version="1.0" encoding="UTF-8"?>
<!-- Generated by org.testng.reporters.JUnitReportReporter -->
<testsuite hostname="LAPTOP-B9QFRU4D" failures="0" tests="1" name="NextGeneration.Screenshot" time="0.402" errors="0" timestamp="2024-02-22T20:18:54 IST" skipped="0">
  <testcase classname="NextGeneration.Screenshot" name="f" time="0.402"/>
  <system-out/>
</testsuite> <!-- NextGeneration.Screenshot -->
