<?xml version="1.0" encoding="UTF-8"?>
<!-- Generated by org.testng.reporters.JUnitReportReporter -->
<testsuite hostname="LAPTOP-B9QFRU4D" failures="0" tests="1" name="NextGeneration.PopupWindow" time="26.937" errors="0" timestamp="2024-02-22T15:00:15 IST" skipped="0">
  <testcase classname="NextGeneration.PopupWindow" name="windowpopup" time="26.937"/>
  <system-out/>
</testsuite> <!-- NextGeneration.PopupWindow -->
