<?xml version="1.0" encoding="UTF-8"?>
<!-- Generated by org.testng.reporters.JUnitReportReporter -->
<testsuite hostname="LAPTOP-B9QFRU4D" failures="0" tests="3" name="NextGeneration.Information_Commands" time="0.218" errors="0" timestamp="2024-02-22T15:28:37 IST" skipped="0">
  <testcase classname="NextGeneration.Information_Commands" name="gmail" time="0.100"/>
  <system-out/>
  <testcase classname="NextGeneration.Information_Commands" name="google_image" time="0.072"/>
  <system-out/>
  <testcase classname="NextGeneration.Information_Commands" name="search_button" time="0.046"/>
  <system-out/>
</testsuite> <!-- NextGeneration.Information_Commands -->
