<?xml version="1.0" encoding="UTF-8"?>
<!-- Generated by org.testng.reporters.JUnitReportReporter -->
<testsuite hostname="LAPTOP-B9QFRU4D" failures="0" tests="1" name="NextGeneration.MouseOverAction" time="7.688" errors="0" timestamp="2024-02-21T15:35:08 IST" skipped="0">
  <testcase classname="NextGeneration.MouseOverAction" name="MouseOver" time="7.688"/>
  <system-out/>
</testsuite> <!-- NextGeneration.MouseOverAction -->
