<?xml version="1.0" encoding="UTF-8"?>
<!-- Generated by org.testng.reporters.JUnitReportReporter -->
<testsuite hostname="LAPTOP-B9QFRU4D" failures="0" tests="1" name="NextGeneration.Firstselectedoption" time="0.740" errors="0" timestamp="2024-02-22T16:17:59 IST" skipped="0">
  <testcase classname="NextGeneration.Firstselectedoption" name="optionss" time="0.740"/>
  <system-out/>
</testsuite> <!-- NextGeneration.Firstselectedoption -->
